<?xml version="1.0" encoding="UTF-8"?>
<testng-results ignored="0" total="6" passed="5" failed="1" skipped="0">
  <reporter-output>
  </reporter-output>
  <suite started-at="2023-08-01T15:04:02 PKT" name="Suite" finished-at="2023-08-01T15:05:20 PKT" duration-ms="78634">
    <groups>
      <group name="cucumber">
        <method signature="AbstractTestNGCucumberTests.runScenario(io.cucumber.testng.PickleWrapper,io.cucumber.testng.FeatureWrapper)[pri:0, instance:com.eurowings.runner.FlightStatusTests@239a307b]" name="runScenario" class="io.cucumber.testng.AbstractTestNGCucumberTests"/>
      </group> <!-- cucumber -->
    </groups>
    <test started-at="2023-08-01T15:04:02 PKT" name="Test" finished-at="2023-08-01T15:05:20 PKT" duration-ms="78634">
      <class name="com.restassured.api.restAPI">
        <test-method signature="GetUserDetails()[pri:0, instance:com.restassured.api.restAPI@480d3575]" started-at="2023-08-01T15:05:17 PKT" name="GetUserDetails" finished-at="2023-08-01T15:05:19 PKT" duration-ms="1883" status="PASS">
          <reporter-output>
          </reporter-output>
        </test-method> <!-- GetUserDetails -->
        <test-method signature="verifyPetCreation()[pri:0, instance:com.restassured.api.restAPI@480d3575]" started-at="2023-08-01T15:05:19 PKT" name="verifyPetCreation" finished-at="2023-08-01T15:05:20 PKT" duration-ms="1702" status="FAIL">
          <exception class="java.lang.AssertionError">
            <message>
              <![CDATA[expected [jackie1] but found [jackie]]]>
            </message>
            <full-stacktrace>
              <![CDATA[java.lang.AssertionError: expected [jackie1] but found [jackie]
at org.testng.Assert.fail(Assert.java:110)
at org.testng.Assert.failNotEquals(Assert.java:1577)
at org.testng.Assert.assertEqualsImpl(Assert.java:149)
at org.testng.Assert.assertEquals(Assert.java:131)
at org.testng.Assert.assertEquals(Assert.java:643)
at com.restassured.api.restAPI.verifyPetCreation(restAPI.java:78)
at java.base/jdk.internal.reflect.NativeMethodAccessorImpl.invoke0(Native Method)
at java.base/jdk.internal.reflect.NativeMethodAccessorImpl.invoke(NativeMethodAccessorImpl.java:62)
at java.base/jdk.internal.reflect.DelegatingMethodAccessorImpl.invoke(DelegatingMethodAccessorImpl.java:43)
at java.base/java.lang.reflect.Method.invoke(Method.java:566)
at org.testng.internal.invokers.MethodInvocationHelper.invokeMethod(MethodInvocationHelper.java:139)
at org.testng.internal.invokers.TestInvoker.invokeMethod(TestInvoker.java:677)
at org.testng.internal.invokers.TestInvoker.invokeTestMethod(TestInvoker.java:221)
at org.testng.internal.invokers.MethodRunner.runInSequence(MethodRunner.java:50)
at org.testng.internal.invokers.TestInvoker$MethodInvocationAgent.invoke(TestInvoker.java:969)
at org.testng.internal.invokers.TestInvoker.invokeTestMethods(TestInvoker.java:194)
at org.testng.internal.invokers.TestMethodWorker.invokeTestMethods(TestMethodWorker.java:148)
at org.testng.internal.invokers.TestMethodWorker.run(TestMethodWorker.java:128)
at java.base/java.util.ArrayList.forEach(ArrayList.java:1541)
at org.testng.TestRunner.privateRun(TestRunner.java:829)
at org.testng.TestRunner.run(TestRunner.java:602)
at org.testng.SuiteRunner.runTest(SuiteRunner.java:437)
at org.testng.SuiteRunner.runSequentially(SuiteRunner.java:431)
at org.testng.SuiteRunner.privateRun(SuiteRunner.java:391)
at org.testng.SuiteRunner.run(SuiteRunner.java:330)
at org.testng.SuiteRunnerWorker.runSuite(SuiteRunnerWorker.java:52)
at org.testng.SuiteRunnerWorker.run(SuiteRunnerWorker.java:95)
at org.testng.TestNG.runSuitesSequentially(TestNG.java:1256)
at org.testng.TestNG.runSuitesLocally(TestNG.java:1176)
at org.testng.TestNG.runSuites(TestNG.java:1099)
at org.testng.TestNG.run(TestNG.java:1067)
at org.testng.remote.AbstractRemoteTestNG.run(AbstractRemoteTestNG.java:115)
at org.testng.remote.RemoteTestNG.initAndRun(RemoteTestNG.java:251)
at org.testng.remote.RemoteTestNG.main(RemoteTestNG.java:77)
]]>
            </full-stacktrace>
          </exception> <!-- java.lang.AssertionError -->
          <reporter-output>
          </reporter-output>
        </test-method> <!-- verifyPetCreation -->
      </class> <!-- com.restassured.api.restAPI -->
      <class name="com.eurowings.runner.FlightStatusTests">
        <test-method is-config="true" signature="setUpClass(org.testng.ITestContext)[pri:0, instance:com.eurowings.runner.FlightStatusTests@239a307b]" started-at="2023-08-01T15:04:02 PKT" name="setUpClass" finished-at="2023-08-01T15:04:02 PKT" duration-ms="134" status="PASS">
          <params>
            <param index="0">
              <value>
                <![CDATA[org.testng.TestRunner@73baf7f0]]>
              </value>
            </param>
          </params>
          <reporter-output>
          </reporter-output>
        </test-method> <!-- setUpClass -->
        <test-method signature="runScenario(io.cucumber.testng.PickleWrapper,io.cucumber.testng.FeatureWrapper)[pri:0, instance:com.eurowings.runner.FlightStatusTests@239a307b]" started-at="2023-08-01T15:04:02 PKT" name="runScenario" description="Runs Cucumber Scenarios" data-provider="scenarios" finished-at="2023-08-01T15:04:19 PKT" duration-ms="17118" status="PASS">
          <params>
            <param index="0">
              <value>
                <![CDATA["Verify flight details using routes"]]>
              </value>
            </param>
            <param index="1">
              <value>
                <![CDATA["Eurowings flight status check"]]>
              </value>
            </param>
          </params>
          <reporter-output>
          </reporter-output>
        </test-method> <!-- runScenario -->
        <test-method signature="runScenario(io.cucumber.testng.PickleWrapper,io.cucumber.testng.FeatureWrapper)[pri:0, instance:com.eurowings.runner.FlightStatusTests@239a307b]" started-at="2023-08-01T15:04:19 PKT" name="runScenario" description="Runs Cucumber Scenarios" data-provider="scenarios" finished-at="2023-08-01T15:04:35 PKT" duration-ms="15937" status="PASS">
          <params>
            <param index="0">
              <value>
                <![CDATA["Verify flight details using routes"]]>
              </value>
            </param>
            <param index="1">
              <value>
                <![CDATA["Eurowings flight status check"]]>
              </value>
            </param>
          </params>
          <reporter-output>
          </reporter-output>
        </test-method> <!-- runScenario -->
        <test-method signature="runScenario(io.cucumber.testng.PickleWrapper,io.cucumber.testng.FeatureWrapper)[pri:0, instance:com.eurowings.runner.FlightStatusTests@239a307b]" started-at="2023-08-01T15:04:35 PKT" name="runScenario" description="Runs Cucumber Scenarios" data-provider="scenarios" finished-at="2023-08-01T15:05:00 PKT" duration-ms="25023" status="PASS">
          <params>
            <param index="0">
              <value>
                <![CDATA["Verify flight details using routes"]]>
              </value>
            </param>
            <param index="1">
              <value>
                <![CDATA["Eurowings flight status check"]]>
              </value>
            </param>
          </params>
          <reporter-output>
          </reporter-output>
        </test-method> <!-- runScenario -->
        <test-method signature="runScenario(io.cucumber.testng.PickleWrapper,io.cucumber.testng.FeatureWrapper)[pri:0, instance:com.eurowings.runner.FlightStatusTests@239a307b]" started-at="2023-08-01T15:05:00 PKT" name="runScenario" description="Runs Cucumber Scenarios" data-provider="scenarios" finished-at="2023-08-01T15:05:17 PKT" duration-ms="16800" status="PASS">
          <params>
            <param index="0">
              <value>
                <![CDATA["Verify flight details using the flight number"]]>
              </value>
            </param>
            <param index="1">
              <value>
                <![CDATA["Eurowings flight status check"]]>
              </value>
            </param>
          </params>
          <reporter-output>
          </reporter-output>
        </test-method> <!-- runScenario -->
        <test-method is-config="true" signature="tearDownClass()[pri:0, instance:com.eurowings.runner.FlightStatusTests@239a307b]" started-at="2023-08-01T15:05:17 PKT" name="tearDownClass" finished-at="2023-08-01T15:05:17 PKT" duration-ms="4" status="PASS">
          <reporter-output>
          </reporter-output>
        </test-method> <!-- tearDownClass -->
      </class> <!-- com.eurowings.runner.FlightStatusTests -->
    </test> <!-- Test -->
  </suite> <!-- Suite -->
</testng-results>
